Rule                                                   | Time (ms) | Relative
:------------------------------------------------------|----------:|--------:
node/no-deprecated-api                                 |   226.177 |     8.5%
keyword-spacing                                        |   121.256 |     4.6%
no-redeclare                                           |   116.199 |     4.4%
no-extra-parens                                        |    92.703 |     3.5%
camelcase                                              |    75.986 |     2.9%
space-in-parens                                        |    58.907 |     2.2%
object-curly-spacing                                   |    56.691 |     2.1%
id-match                                               |    44.429 |     1.7%
object-shorthand                                       |    38.582 |     1.5%
no-whitespace-before-property                          |    37.121 |     1.4%
no-unmodified-loop-condition                           |    36.867 |     1.4%
@typescript-eslint/ban-types                           |    35.266 |     1.3%
@angular-eslint/directive-selector                     |    35.210 |     1.3%
func-call-spacing                                      |    35.043 |     1.3%
@typescript-eslint/no-loss-of-precision                |    34.765 |     1.3%
@typescript-eslint/no-shadow                           |    34.693 |     1.3%
no-useless-return                                      |    33.949 |     1.3%
@angular-eslint/no-empty-lifecycle-method              |    32.162 |     1.2%
one-var                                                |    31.564 |     1.2%
no-multiple-empty-lines                                |    31.560 |     1.2%
no-invalid-this                                        |    31.325 |     1.2%
standard/object-curly-even-spacing                     |    30.637 |     1.2%
comma-style                                            |    30.428 |     1.1%
no-extend-native                                       |    29.507 |     1.1%
@typescript-eslint/quotes                              |    29.376 |     1.1%
padded-blocks                                          |    26.400 |     1.0%
space-infix-ops                                        |    26.183 |     1.0%
@typescript-eslint/adjacent-overload-signatures        |    26.072 |     1.0%
operator-linebreak                                     |    25.897 |     1.0%
comma-spacing                                          |    25.489 |     1.0%
no-trailing-spaces                                     |    25.370 |     1.0%
no-multi-spaces                                        |    24.954 |     0.9%
@typescript-eslint/semi                                |    24.277 |     0.9%
@typescript-eslint/no-inferrable-types                 |    23.601 |     0.9%
import/no-webpack-loader-syntax                        |    23.227 |     0.9%
no-regex-spaces                                        |    22.678 |     0.9%
no-obj-calls                                           |    22.031 |     0.8%
@typescript-eslint/triple-slash-reference              |    22.016 |     0.8%
no-unreachable                                         |    20.646 |     0.8%
@typescript-eslint/consistent-type-assertions          |    19.002 |     0.7%
block-spacing                                          |    18.484 |     0.7%
no-unexpected-multiline                                |    18.356 |     0.7%
key-spacing                                            |    18.018 |     0.7%
@typescript-eslint/unified-signatures                  |    17.523 |     0.7%
space-before-blocks                                    |    16.831 |     0.6%
no-dupe-keys                                           |    16.679 |     0.6%
brace-style                                            |    16.309 |     0.6%
no-this-before-super                                   |    16.077 |     0.6%
no-unused-expressions                                  |    15.878 |     0.6%
no-misleading-character-class                          |    15.521 |     0.6%
dot-location                                           |    15.416 |     0.6%
no-eval                                                |    15.342 |     0.6%
constructor-super                                      |    15.065 |     0.6%
semi-spacing                                           |    14.120 |     0.5%
no-dupe-class-members                                  |    13.352 |     0.5%
no-unsafe-optional-chaining                            |    13.271 |     0.5%
@angular-eslint/component-selector                     |    12.823 |     0.5%
no-useless-escape                                      |    12.271 |     0.5%
no-tabs                                                |    12.031 |     0.5%
@angular-eslint/no-input-rename                        |    11.968 |     0.5%
handle-callback-err                                    |    11.938 |     0.4%
no-mixed-spaces-and-tabs                               |    11.609 |     0.4%
@typescript-eslint/ban-ts-comment                      |    11.570 |     0.4%
no-control-regex                                       |    11.242 |     0.4%
prefer-template                                        |    10.558 |     0.4%
no-lone-blocks                                         |    10.402 |     0.4%
new-cap                                                |    10.077 |     0.4%
no-implied-eval                                        |     9.917 |     0.4%
no-param-reassign                                      |     9.516 |     0.4%
arrow-parens                                           |     9.439 |     0.4%
prefer-object-spread                                   |     9.313 |     0.4%
arrow-spacing                                          |     9.224 |     0.3%
prefer-arrow-callback                                  |     9.144 |     0.3%
space-before-function-paren                            |     9.126 |     0.3%
space-unary-ops                                        |     9.094 |     0.3%
curly                                                  |     8.943 |     0.3%
no-floating-decimal                                    |     8.801 |     0.3%
no-octal-escape                                        |     8.595 |     0.3%
standard/computed-property-even-spacing                |     8.328 |     0.3%
no-constant-condition                                  |     8.177 |     0.3%
@typescript-eslint/no-useless-constructor              |     8.168 |     0.3%
standard/array-bracket-even-spacing                    |     8.161 |     0.3%
@angular-eslint/no-output-rename                       |     7.620 |     0.3%
standard/no-callback-literal                           |     7.586 |     0.3%
no-global-assign                                       |     7.395 |     0.3%
no-extra-boolean-cast                                  |     7.340 |     0.3%
@angular-eslint/contextual-lifecycle                   |     7.308 |     0.3%
no-irregular-whitespace                                |     7.259 |     0.3%
no-undef-init                                          |     7.254 |     0.3%
@typescript-eslint/no-array-constructor                |     7.183 |     0.3%
no-useless-call                                        |     7.163 |     0.3%
@angular-eslint/use-lifecycle-interface                |     7.100 |     0.3%
prefer-const                                           |     7.054 |     0.3%
no-dupe-args                                           |     6.829 |     0.3%
no-useless-backreference                               |     6.686 |     0.3%
no-extra-semi                                          |     6.652 |     0.3%
prefer-spread                                          |     6.522 |     0.2%
no-multi-str                                           |     6.487 |     0.2%
prefer-promise-reject-errors                           |     6.460 |     0.2%
require-yield                                          |     6.402 |     0.2%
no-shadow-restricted-names                             |     6.323 |     0.2%
wrap-iife                                              |     6.320 |     0.2%
@typescript-eslint/no-unnecessary-type-constraint      |     6.308 |     0.2%
@typescript-eslint/no-extra-semi                       |     6.150 |     0.2%
no-prototype-builtins                                  |     6.116 |     0.2%
@angular-eslint/no-output-native                       |     5.945 |     0.2%
@angular-eslint/component-class-suffix                 |     5.919 |     0.2%
@typescript-eslint/no-namespace                        |     5.641 |     0.2%
no-dupe-else-if                                        |     5.607 |     0.2%
no-nonoctal-decimal-escape                             |     5.595 |     0.2%
import/first                                           |     5.412 |     0.2%
no-extra-bind                                          |     5.368 |     0.2%
guard-for-in                                           |     5.174 |     0.2%
generator-star-spacing                                 |     5.006 |     0.2%
no-template-curly-in-string                            |     4.962 |     0.2%
no-unsafe-finally                                      |     4.951 |     0.2%
no-mixed-operators                                     |     4.879 |     0.2%
no-self-assign                                         |     4.742 |     0.2%
@typescript-eslint/no-this-alias                       |     4.737 |     0.2%
no-iterator                                            |     4.637 |     0.2%
no-invalid-regexp                                      |     4.631 |     0.2%
no-const-assign                                        |     4.550 |     0.2%
no-array-constructor                                   |     4.508 |     0.2%
no-self-compare                                        |     4.186 |     0.2%
no-fallthrough                                         |     4.170 |     0.2%
@typescript-eslint/prefer-as-const                     |     4.160 |     0.2%
eol-last                                               |     4.080 |     0.2%
no-caller                                              |     3.997 |     0.2%
no-console                                             |     3.919 |     0.1%
@angular-eslint/directive-class-suffix                 |     3.914 |     0.1%
@typescript-eslint/no-non-null-assertion               |     3.825 |     0.1%
valid-typeof                                           |     3.819 |     0.1%
import/no-named-default                                |     3.628 |     0.1%
no-empty                                               |     3.596 |     0.1%
@typescript-eslint/prefer-function-type                |     3.574 |     0.1%
no-octal                                               |     3.555 |     0.1%
no-useless-computed-key                                |     3.477 |     0.1%
radix                                                  |     3.429 |     0.1%
no-proto                                               |     3.349 |     0.1%
no-bitwise                                             |     3.305 |     0.1%
template-curly-spacing                                 |     3.266 |     0.1%
promise/param-names                                    |     3.235 |     0.1%
@angular-eslint/no-output-on-prefix                    |     3.022 |     0.1%
@angular-eslint/no-outputs-metadata-property           |     2.989 |     0.1%
no-useless-rename                                      |     2.946 |     0.1%
use-isnan                                              |     2.934 |     0.1%
yoda                                                   |     2.903 |     0.1%
@typescript-eslint/prefer-for-of                       |     2.878 |     0.1%
no-func-assign                                         |     2.867 |     0.1%
prefer-rest-params                                     |     2.866 |     0.1%
eqeqeq                                                 |     2.690 |     0.1%
storybook/await-interactions                           |     2.535 |     0.1%
yield-star-spacing                                     |     2.420 |     0.1%
storybook/no-redundant-story-name                      |     2.374 |     0.1%
@typescript-eslint/prefer-namespace-keyword            |     2.364 |     0.1%
no-compare-neg-zero                                    |     2.347 |     0.1%
no-new-object                                          |     2.243 |     0.1%
@typescript-eslint/no-misused-new                      |     2.175 |     0.1%
no-sequences                                           |     2.160 |     0.1%
new-parens                                             |     2.034 |     0.1%
no-class-assign                                        |     1.994 |     0.1%
no-inner-declarations                                  |     1.971 |     0.1%
no-new-func                                            |     1.964 |     0.1%
symbol-description                                     |     1.911 |     0.1%
no-unneeded-ternary                                    |     1.901 |     0.1%
no-cond-assign                                         |     1.886 |     0.1%
@typescript-eslint/no-non-null-asserted-optional-chain |     1.869 |     0.1%
storybook/prefer-pascal-case                           |     1.722 |     0.1%
no-return-await                                        |     1.703 |     0.1%
unicode-bom                                            |     1.691 |     0.1%
no-new-symbol                                          |     1.604 |     0.1%
no-useless-concat                                      |     1.495 |     0.1%
@typescript-eslint/no-extra-non-null-assertion         |     1.476 |     0.1%
no-unsafe-negation                                     |     1.458 |     0.1%
no-labels                                              |     1.426 |     0.1%
rest-spread-spacing                                    |     1.423 |     0.1%
no-var                                                 |     1.400 |     0.1%
no-sparse-arrays                                       |     1.342 |     0.1%
storybook/story-exports                                |     1.087 |     0.0%
no-path-concat                                         |     1.060 |     0.0%
no-duplicate-case                                      |     1.052 |     0.0%
no-new-wrappers                                        |     1.012 |     0.0%
@angular-eslint/use-pipe-transform-interface           |     0.891 |     0.0%
storybook/hierarchy-separator                          |     0.884 |     0.0%
no-negated-in-lhs                                      |     0.867 |     0.0%
no-unused-labels                                       |     0.828 |     0.0%
no-ex-assign                                           |     0.811 |     0.0%
no-delete-var                                          |     0.748 |     0.0%
getter-return                                          |     0.746 |     0.0%
no-label-var                                           |     0.735 |     0.0%
storybook/context-in-play-function                     |     0.699 |     0.0%
no-new-require                                         |     0.692 |     0.0%
no-empty-character-class                               |     0.688 |     0.0%
template-tag-spacing                                   |     0.686 |     0.0%
for-direction                                          |     0.685 |     0.0%
no-throw-literal                                       |     0.677 |     0.0%
no-case-declarations                                   |     0.644 |     0.0%
no-empty-pattern                                       |     0.633 |     0.0%
storybook/use-storybook-expect                         |     0.632 |     0.0%
storybook/default-exports                              |     0.624 |     0.0%
node/process-exit-as-throw                             |     0.519 |     0.0%
no-async-promise-executor                              |     0.511 |     0.0%
storybook/use-storybook-testing-library                |     0.496 |     0.0%
no-useless-catch                                       |     0.491 |     0.0%
no-new                                                 |     0.460 |     0.0%
no-with                                                |     0.449 |     0.0%
no-debugger                                            |     0.444 |     0.0%
no-undef                                               |     0.251 |     0.0%
no-setter-return                                       |     0.134 |     0.0%
no-import-assign                                       |     0.088 |     0.0%
